Iteration: 1 Sub-iteration: 1 Pi: 2.6666667
Iteration: 1 Sub-iteration: 2 Pi: 2.8952382
Iteration: 1 Sub-iteration: 3 Pi: 2.976046
Iteration: 1 Sub-iteration: 4 Pi: 3.0170717
Iteration: 1 Sub-iteration: 5 Pi: 3.0418396
Iteration: 1 Sub-iteration: 6 Pi: 3.0584028
Iteration: 1 Sub-iteration: 7 Pi: 3.0702546
Iteration: 1 Sub-iteration: 8 Pi: 3.0791533
Iteration: 1 Sub-iteration: 9 Pi: 3.0860798
Iteration: 1 Sub-iteration: 10 Pi: 3.0916238
Iteration: 1 Sub-iteration: 11 Pi: 3.0961616
Iteration: 1 Sub-iteration: 12 Pi: 3.099944
Iteration: 1 Sub-iteration: 13 Pi: 3.1031454
Iteration: 1 Sub-iteration: 14 Pi: 3.1058898
Iteration: 1 Sub-iteration: 15 Pi: 3.1082685
Iteration: 1 Sub-iteration: 16 Pi: 3.1103504
Iteration: 1 Sub-iteration: 17 Pi: 3.1121871
Iteration: 1 Sub-iteration: 18 Pi: 3.1138203
Iteration: 1 Sub-iteration: 19 Pi: 3.1152813
Iteration: 1 Sub-iteration: 20 Pi: 3.1165965
Iteration: 1 Sub-iteration: 21 Pi: 3.1177864
Iteration: 1 Sub-iteration: 22 Pi: 3.1188684
Iteration: 1 Sub-iteration: 23 Pi: 3.119856
Iteration: 1 Sub-iteration: 24 Pi: 3.1207616
Iteration: 1 Sub-iteration: 25 Pi: 3.1215947
Iteration: 1 Sub-iteration: 26 Pi: 3.1223636
Iteration: 1 Sub-iteration: 27 Pi: 3.1230757
Iteration: 1 Sub-iteration: 28 Pi: 3.1237369
Iteration: 1 Sub-iteration: 29 Pi: 3.1243525
Iteration: 1 Sub-iteration: 30 Pi: 3.124927
Iteration: 1 Sub-iteration: 31 Pi: 3.1254647
Iteration: 1 Sub-iteration: 32 Pi: 3.1259687
Iteration: 1 Sub-iteration: 33 Pi: 3.126442
Iteration: 1 Sub-iteration: 34 Pi: 3.1268876
Iteration: 1 Sub-iteration: 35 Pi: 3.1273077
Iteration: 1 Sub-iteration: 36 Pi: 3.1277044
Iteration: 1 Sub-iteration: 37 Pi: 3.1280797
Iteration: 1 Sub-iteration: 38 Pi: 3.1284354
Iteration: 1 Sub-iteration: 39 Pi: 3.1287727
Iteration: 1 Sub-iteration: 40 Pi: 3.1290932
Iteration: 1 Sub-iteration: 41 Pi: 3.1293979
Iteration: 1 Sub-iteration: 42 Pi: 3.1296883
Iteration: 1 Sub-iteration: 43 Pi: 3.129965
Iteration: 1 Sub-iteration: 44 Pi: 3.1302295
Iteration: 1 Sub-iteration: 45 Pi: 3.130482
Iteration: 1 Sub-iteration: 46 Pi: 3.1307235
Iteration: 1 Sub-iteration: 47 Pi: 3.1309547
Iteration: 1 Sub-iteration: 48 Pi: 3.1311762
Iteration: 1 Sub-iteration: 49 Pi: 3.131389
Iteration: 1 Sub-iteration: 50 Pi: 3.131593
Iteration: 1 Sub-iteration: 51 Pi: 3.131789
Iteration: 1 Sub-iteration: 52 Pi: 3.1319776
Iteration: 1 Sub-iteration: 53 Pi: 3.132159
Iteration: 1 Sub-iteration: 54 Pi: 3.1323335
Iteration: 1 Sub-iteration: 55 Pi: 3.1325018
Iteration: 1 Sub-iteration: 56 Pi: 3.1326642
Iteration: 1 Sub-iteration: 57 Pi: 3.1328208
Iteration: 1 Sub-iteration: 58 Pi: 3.1329722
Iteration: 1 Sub-iteration: 59 Pi: 3.1331182
Iteration: 1 Sub-iteration: 60 Pi: 3.1332595
Iteration: 1 Sub-iteration: 61 Pi: 3.1333961
Iteration: 1 Sub-iteration: 62 Pi: 3.1335282
Iteration: 1 Sub-iteration: 63 Pi: 3.1336563
Iteration: 1 Sub-iteration: 64 Pi: 3.1337802
Iteration: 1 Sub-iteration: 65 Pi: 3.1339004
Iteration: 1 Sub-iteration: 66 Pi: 3.134017
Iteration: 1 Sub-iteration: 67 Pi: 3.13413
Iteration: 1 Sub-iteration: 68 Pi: 3.13424
Iteration: 1 Sub-iteration: 69 Pi: 3.1343465
Iteration: 1 Sub-iteration: 70 Pi: 3.13445
Iteration: 1 Sub-iteration: 71 Pi: 3.1345506
Iteration: 1 Sub-iteration: 72 Pi: 3.1346483
Iteration: 1 Sub-iteration: 73 Pi: 3.1347435
Iteration: 1 Sub-iteration: 74 Pi: 3.134836
Iteration: 1 Sub-iteration: 75 Pi: 3.134926
Iteration: 1 Sub-iteration: 76 Pi: 3.1350138
Iteration: 1 Sub-iteration: 77 Pi: 3.1350992
Iteration: 1 Sub-iteration: 78 Pi: 3.1351824
Iteration: 1 Sub-iteration: 79 Pi: 3.1352637
Iteration: 1 Sub-iteration: 80 Pi: 3.1353426
Iteration: 1 Sub-iteration: 81 Pi: 3.1354198
Iteration: 1 Sub-iteration: 82 Pi: 3.1354952
Iteration: 1 Sub-iteration: 83 Pi: 3.1355686
Iteration: 1 Sub-iteration: 84 Pi: 3.1356404
Iteration: 1 Sub-iteration: 85 Pi: 3.1357102
Iteration: 1 Sub-iteration: 86 Pi: 3.1357787
Iteration: 1 Sub-iteration: 87 Pi: 3.1358457
Iteration: 1 Sub-iteration: 88 Pi: 3.135911
Iteration: 1 Sub-iteration: 89 Pi: 3.1359746
Iteration: 1 Sub-iteration: 90 Pi: 3.136037
Iteration: 1 Sub-iteration: 91 Pi: 3.1360981
Iteration: 1 Sub-iteration: 92 Pi: 3.136158
Iteration: 1 Sub-iteration: 93 Pi: 3.1362164
Iteration: 1 Sub-iteration: 94 Pi: 3.1362736
Iteration: 1 Sub-iteration: 95 Pi: 3.1363297
Iteration: 1 Sub-iteration: 96 Pi: 3.1363842
Iteration: 1 Sub-iteration: 97 Pi: 3.1364381
Iteration: 1 Sub-iteration: 98 Pi: 3.1364906
Iteration: 1 Sub-iteration: 99 Pi: 3.136542
Iteration: 1 Sub-iteration: 100 Pi: 3.1365926
Iteration: 1 Sub-iteration: 101 Pi: 3.1366422
Iteration: 1 Sub-iteration: 102 Pi: 3.1366906
Iteration: 1 Sub-iteration: 103 Pi: 3.1367383
Iteration: 1 Sub-iteration: 104 Pi: 3.136785
Iteration: 1 Sub-iteration: 105 Pi: 3.1368308
Iteration: 1 Sub-iteration: 106 Pi: 3.1368756
Iteration: 1 Sub-iteration: 107 Pi: 3.1369197
Iteration: 1 Sub-iteration: 108 Pi: 3.1369631
Iteration: 1 Sub-iteration: 109 Pi: 3.1370056
Iteration: 1 Sub-iteration: 110 Pi: 3.1370473
Iteration: 1 Sub-iteration: 111 Pi: 3.137088
Iteration: 1 Sub-iteration: 112 Pi: 3.1371284
Iteration: 1 Sub-iteration: 113 Pi: 3.137168
Iteration: 1 Sub-iteration: 114 Pi: 3.1372068
Iteration: 1 Sub-iteration: 115 Pi: 3.137245
Iteration: 1 Sub-iteration: 116 Pi: 3.1372824
Iteration: 1 Sub-iteration: 117 Pi: 3.137319
Iteration: 1 Sub-iteration: 118 Pi: 3.1373553
Iteration: 1 Sub-iteration: 119 Pi: 3.137391
Iteration: 1 Sub-iteration: 120 Pi: 3.137426
Iteration: 1 Sub-iteration: 121 Pi: 3.1374605
Iteration: 1 Sub-iteration: 122 Pi: 3.1374943
Iteration: 1 Sub-iteration: 123 Pi: 3.1375277
Iteration: 1 Sub-iteration: 124 Pi: 3.1375604
Iteration: 1 Sub-iteration: 125 Pi: 3.1375926
Iteration: 1 Sub-iteration: 126 Pi: 3.1376245
Iteration: 1 Sub-iteration: 127 Pi: 3.1376557
Iteration: 1 Sub-iteration: 128 Pi: 3.1376865
Iteration: 1 Sub-iteration: 129 Pi: 3.1377168
Iteration: 1 Sub-iteration: 130 Pi: 3.1377466
Iteration: 1 Sub-iteration: 131 Pi: 3.137776
Iteration: 1 Sub-iteration: 132 Pi: 3.1378047
Iteration: 1 Sub-iteration: 133 Pi: 3.1378334
Iteration: 1 Sub-iteration: 134 Pi: 3.1378613
Iteration: 1 Sub-iteration: 135 Pi: 3.137889
Iteration: 1 Sub-iteration: 136 Pi: 3.137916
Iteration: 1 Sub-iteration: 137 Pi: 3.137943
Iteration: 1 Sub-iteration: 138 Pi: 3.1379695
Iteration: 1 Sub-iteration: 139 Pi: 3.1379955
Iteration: 1 Sub-iteration: 140 Pi: 3.1380212
Iteration: 1 Sub-iteration: 141 Pi: 3.1380465
Iteration: 1 Sub-iteration: 142 Pi: 3.1380715
Iteration: 1 Sub-iteration: 143 Pi: 3.138096
Iteration: 1 Sub-iteration: 144 Pi: 3.1381204
Iteration: 1 Sub-iteration: 145 Pi: 3.1381445
Iteration: 1 Sub-iteration: 146 Pi: 3.138168
Iteration: 1 Sub-iteration: 147 Pi: 3.1381912
Iteration: 1 Sub-iteration: 148 Pi: 3.1382143
Iteration: 1 Sub-iteration: 149 Pi: 3.138237
Iteration: 1 Sub-iteration: 150 Pi: 3.1382594
Iteration: 1 Sub-iteration: 151 Pi: 3.1382813
Iteration: 1 Sub-iteration: 152 Pi: 3.1383033
Iteration: 1 Sub-iteration: 153 Pi: 3.1383247
Iteration: 1 Sub-iteration: 154 Pi: 3.138346
Iteration: 1 Sub-iteration: 155 Pi: 3.138367
Iteration: 1 Sub-iteration: 156 Pi: 3.1383874
Iteration: 1 Sub-iteration: 157 Pi: 3.138408
Iteration: 1 Sub-iteration: 158 Pi: 3.1384282
Iteration: 1 Sub-iteration: 159 Pi: 3.138448
Iteration: 1 Sub-iteration: 160 Pi: 3.1384676
Iteration: 1 Sub-iteration: 161 Pi: 3.138487
Iteration: 1 Sub-iteration: 162 Pi: 3.1385062
Iteration: 1 Sub-iteration: 163 Pi: 3.1385252
Iteration: 1 Sub-iteration: 164 Pi: 3.1385438
Iteration: 1 Sub-iteration: 165 Pi: 3.1385624
Iteration: 1 Sub-iteration: 166 Pi: 3.1385806
Iteration: 1 Sub-iteration: 167 Pi: 3.1385987
Iteration: 1 Sub-iteration: 168 Pi: 3.1386166
Iteration: 1 Sub-iteration: 169 Pi: 3.138634
Iteration: 1 Sub-iteration: 170 Pi: 3.1386514
Iteration: 1 Sub-iteration: 171 Pi: 3.1386688
Iteration: 1 Sub-iteration: 172 Pi: 3.1386857
Iteration: 1 Sub-iteration: 173 Pi: 3.1387024
Iteration: 1 Sub-iteration: 174 Pi: 3.138719
Iteration: 1 Sub-iteration: 175 Pi: 3.1387355
Iteration: 1 Sub-iteration: 176 Pi: 3.1387517
Iteration: 1 Sub-iteration: 177 Pi: 3.1387677
Iteration: 1 Sub-iteration: 178 Pi: 3.1387837
Iteration: 1 Sub-iteration: 179 Pi: 3.1387994
Iteration: 1 Sub-iteration: 180 Pi: 3.138815
Iteration: 1 Sub-iteration: 181 Pi: 3.1388302
Iteration: 1 Sub-iteration: 182 Pi: 3.1388454
Iteration: 1 Sub-iteration: 183 Pi: 3.1388605
Iteration: 1 Sub-iteration: 184 Pi: 3.1388752
Iteration: 1 Sub-iteration: 185 Pi: 3.13889
Iteration: 1 Sub-iteration: 186 Pi: 3.1389046
Iteration: 1 Sub-iteration: 187 Pi: 3.1389189
Iteration: 1 Sub-iteration: 188 Pi: 3.1389332
Iteration: 1 Sub-iteration: 189 Pi: 3.1389472
Iteration: 1 Sub-iteration: 190 Pi: 3.138961
Iteration: 1 Sub-iteration: 191 Pi: 3.138975
Iteration: 1 Sub-iteration: 192 Pi: 3.1389885
Iteration: 1 Sub-iteration: 193 Pi: 3.139002
Iteration: 1 Sub-iteration: 194 Pi: 3.1390154
Iteration: 1 Sub-iteration: 195 Pi: 3.1390285
Iteration: 1 Sub-iteration: 196 Pi: 3.1390417
Iteration: 1 Sub-iteration: 197 Pi: 3.1390545
Iteration: 1 Sub-iteration: 198 Pi: 3.1390674
Iteration: 1 Sub-iteration: 199 Pi: 3.13908
Iteration: 1 Sub-iteration: 200 Pi: 3.1390927
Iteration: 1 Sub-iteration: 201 Pi: 3.139105
Iteration: 1 Sub-iteration: 202 Pi: 3.1391175
Iteration: 1 Sub-iteration: 203 Pi: 3.1391296
Iteration: 1 Sub-iteration: 204 Pi: 3.1391416
Iteration: 1 Sub-iteration: 205 Pi: 3.1391537
Iteration: 1 Sub-iteration: 206 Pi: 3.1391654
Iteration: 1 Sub-iteration: 207 Pi: 3.139177
Iteration: 1 Sub-iteration: 208 Pi: 3.1391888
Iteration: 1 Sub-iteration: 209 Pi: 3.1392002
Iteration: 1 Sub-iteration: 210 Pi: 3.1392117
Iteration: 1 Sub-iteration: 211 Pi: 3.139223
Iteration: 1 Sub-iteration: 212 Pi: 3.139234
Iteration: 1 Sub-iteration: 213 Pi: 3.1392453
Iteration: 1 Sub-iteration: 214 Pi: 3.1392562
Iteration: 1 Sub-iteration: 215 Pi: 3.139267
Iteration: 1 Sub-iteration: 216 Pi: 3.139278
Iteration: 1 Sub-iteration: 217 Pi: 3.1392884
Iteration: 1 Sub-iteration: 218 Pi: 3.1392992
Iteration: 1 Sub-iteration: 219 Pi: 3.1393096
Iteration: 1 Sub-iteration: 220 Pi: 3.13932
Iteration: 1 Sub-iteration: 221 Pi: 3.1393301
Iteration: 1 Sub-iteration: 222 Pi: 3.1393404
Iteration: 1 Sub-iteration: 223 Pi: 3.1393504
Iteration: 1 Sub-iteration: 224 Pi: 3.1393604
Iteration: 1 Sub-iteration: 225 Pi: 3.1393704
Iteration: 1 Sub-iteration: 226 Pi: 3.1393802
Iteration: 1 Sub-iteration: 227 Pi: 3.13939
Iteration: 1 Sub-iteration: 228 Pi: 3.1393998
Iteration: 1 Sub-iteration: 229 Pi: 3.1394093
Iteration: 1 Sub-iteration: 230 Pi: 3.1394188
Iteration: 1 Sub-iteration: 231 Pi: 3.1394281
Iteration: 1 Sub-iteration: 232 Pi: 3.1394374
Iteration: 1 Sub-iteration: 233 Pi: 3.1394467
Iteration: 1 Sub-iteration: 234 Pi: 3.1394558
Iteration: 1 Sub-iteration: 235 Pi: 3.139465
Iteration: 1 Sub-iteration: 236 Pi: 3.139474
Iteration: 1 Sub-iteration: 237 Pi: 3.139483
Iteration: 1 Sub-iteration: 238 Pi: 3.1394918
Iteration: 1 Sub-iteration: 239 Pi: 3.1395006
Iteration: 1 Sub-iteration: 240 Pi: 3.1395094
Iteration: 1 Sub-iteration: 241 Pi: 3.139518
Iteration: 1 Sub-iteration: 242 Pi: 3.1395266
Iteration: 1 Sub-iteration: 243 Pi: 3.139535
Iteration: 1 Sub-iteration: 244 Pi: 3.1395435
Iteration: 1 Sub-iteration: 245 Pi: 3.1395519
Iteration: 1 Sub-iteration: 246 Pi: 3.1395602
Iteration: 1 Sub-iteration: 247 Pi: 3.1395683
Iteration: 1 Sub-iteration: 248 Pi: 3.1395764
Iteration: 1 Sub-iteration: 249 Pi: 3.1395845
Iteration: 1 Sub-iteration: 250 Pi: 3.1395926
Iteration: 1 Sub-iteration: 251 Pi: 3.1396005
Iteration: 1 Sub-iteration: 252 Pi: 3.1396086
Iteration: 1 Sub-iteration: 253 Pi: 3.1396165
Iteration: 1 Sub-iteration: 254 Pi: 3.139624
Iteration: 1 Sub-iteration: 255 Pi: 3.139632
Iteration: 1 Sub-iteration: 256 Pi: 3.1396396
Iteration: 1 Sub-iteration: 257 Pi: 3.1396472
Iteration: 1 Sub-iteration: 258 Pi: 3.1396546
Iteration: 1 Sub-iteration: 259 Pi: 3.1396623
Iteration: 1 Sub-iteration: 260 Pi: 3.1396697
Iteration: 1 Sub-iteration: 261 Pi: 3.139677
Iteration: 1 Sub-iteration: 262 Pi: 3.1396842
Iteration: 1 Sub-iteration: 263 Pi: 3.1396916
Iteration: 1 Sub-iteration: 264 Pi: 3.1396987
Iteration: 1 Sub-iteration: 265 Pi: 3.139706
Iteration: 1 Sub-iteration: 266 Pi: 3.139713
Iteration: 1 Sub-iteration: 267 Pi: 3.13972
Iteration: 1 Sub-iteration: 268 Pi: 3.1397269
Iteration: 1 Sub-iteration: 269 Pi: 3.139734
Iteration: 1 Sub-iteration: 270 Pi: 3.1397407
Iteration: 1 Sub-iteration: 271 Pi: 3.1397476
Iteration: 1 Sub-iteration: 272 Pi: 3.1397545
Iteration: 1 Sub-iteration: 273 Pi: 3.1397612
Iteration: 1 Sub-iteration: 274 Pi: 3.139768
Iteration: 1 Sub-iteration: 275 Pi: 3.1397746
Iteration: 1 Sub-iteration: 276 Pi: 3.139781
Iteration: 1 Sub-iteration: 277 Pi: 3.1397877
Iteration: 1 Sub-iteration: 278 Pi: 3.139794
Iteration: 1 Sub-iteration: 279 Pi: 3.1398005
Iteration: 1 Sub-iteration: 280 Pi: 3.139807
Iteration: 1 Sub-iteration: 281 Pi: 3.1398132
Iteration: 1 Sub-iteration: 282 Pi: 3.1398196
Iteration: 1 Sub-iteration: 283 Pi: 3.1398258
Iteration: 1 Sub-iteration: 284 Pi: 3.139832
Iteration: 1 Sub-iteration: 285 Pi: 3.1398382
Iteration: 1 Sub-iteration: 286 Pi: 3.1398444
Iteration: 1 Sub-iteration: 287 Pi: 3.1398504
Iteration: 1 Sub-iteration: 288 Pi: 3.1398566
Iteration: 1 Sub-iteration: 289 Pi: 3.1398625
Iteration: 1 Sub-iteration: 290 Pi: 3.1398685
Iteration: 1 Sub-iteration: 291 Pi: 3.1398745
Iteration: 1 Sub-iteration: 292 Pi: 3.1398804
Iteration: 1 Sub-iteration: 293 Pi: 3.1398861
Iteration: 1 Sub-iteration: 294 Pi: 3.1398919
Iteration: 1 Sub-iteration: 295 Pi: 3.1398978
Iteration: 1 Sub-iteration: 296 Pi: 3.1399035
Iteration: 1 Sub-iteration: 297 Pi: 3.1399093
Iteration: 1 Sub-iteration: 298 Pi: 3.1399148
Iteration: 1 Sub-iteration: 299 Pi: 3.1399205
Iteration: 1 Sub-iteration: 300 Pi: 3.139926
Iteration: 1 Sub-iteration: 301 Pi: 3.1399314
Iteration: 1 Sub-iteration: 302 Pi: 3.139937
Iteration: 1 Sub-iteration: 303 Pi: 3.1399424
Iteration: 1 Sub-iteration: 304 Pi: 3.139948
Iteration: 1 Sub-iteration: 305 Pi: 3.1399534
Iteration: 1 Sub-iteration: 306 Pi: 3.1399586
Iteration: 1 Sub-iteration: 307 Pi: 3.139964
Iteration: 1 Sub-iteration: 308 Pi: 3.1399693
Iteration: 1 Sub-iteration: 309 Pi: 3.1399746
Iteration: 1 Sub-iteration: 310 Pi: 3.1399798
Iteration: 1 Sub-iteration: 311 Pi: 3.1399848
Iteration: 1 Sub-iteration: 312 Pi: 3.13999
Iteration: 1 Sub-iteration: 313 Pi: 3.139995
Iteration: 1 Sub-iteration: 314 Pi: 3.1400003
Iteration: 1 Sub-iteration: 315 Pi: 3.1400054
Iteration: 1 Sub-iteration: 316 Pi: 3.1400104
Iteration: 1 Sub-iteration: 317 Pi: 3.1400154
Iteration: 1 Sub-iteration: 318 Pi: 3.1400204
Iteration: 1 Sub-iteration: 319 Pi: 3.1400251
Iteration: 1 Sub-iteration: 320 Pi: 3.1400301
Iteration: 1 Sub-iteration: 321 Pi: 3.140035
Iteration: 1 Sub-iteration: 322 Pi: 3.14004
Iteration: 1 Sub-iteration: 323 Pi: 3.1400447
Iteration: 1 Sub-iteration: 324 Pi: 3.1400495
Iteration: 1 Sub-iteration: 325 Pi: 3.1400542
Iteration: 1 Sub-iteration: 326 Pi: 3.140059
Iteration: 1 Sub-iteration: 327 Pi: 3.1400635
Iteration: 1 Sub-iteration: 328 Pi: 3.1400683
Iteration: 1 Sub-iteration: 329 Pi: 3.1400728
Iteration: 1 Sub-iteration: 330 Pi: 3.1400776
Iteration: 1 Sub-iteration: 331 Pi: 3.1400821
Iteration: 1 Sub-iteration: 332 Pi: 3.1400867
Iteration: 1 Sub-iteration: 333 Pi: 3.1400912
Iteration: 1 Sub-iteration: 334 Pi: 3.1400957
Iteration: 1 Sub-iteration: 335 Pi: 3.1401
Iteration: 1 Sub-iteration: 336 Pi: 3.1401045
Iteration: 1 Sub-iteration: 337 Pi: 3.140109
Iteration: 1 Sub-iteration: 338 Pi: 3.1401134
Iteration: 1 Sub-iteration: 339 Pi: 3.1401176
Iteration: 1 Sub-iteration: 340 Pi: 3.1401222
Iteration: 1 Sub-iteration: 341 Pi: 3.1401265
Iteration: 1 Sub-iteration: 342 Pi: 3.1401308
Iteration: 1 Sub-iteration: 343 Pi: 3.1401348
Iteration: 1 Sub-iteration: 344 Pi: 3.140139
Iteration: 1 Sub-iteration: 345 Pi: 3.1401434
Iteration: 1 Sub-iteration: 346 Pi: 3.1401477
Iteration: 1 Sub-iteration: 347 Pi: 3.1401517
Iteration: 1 Sub-iteration: 348 Pi: 3.1401558
Iteration: 1 Sub-iteration: 349 Pi: 3.14016
Iteration: 1 Sub-iteration: 350 Pi: 3.1401641
Iteration: 1 Sub-iteration: 351 Pi: 3.1401682
Iteration: 1 Sub-iteration: 352 Pi: 3.1401722
Iteration: 1 Sub-iteration: 353 Pi: 3.1401763
Iteration: 1 Sub-iteration: 354 Pi: 3.14018
Iteration: 1 Sub-iteration: 355 Pi: 3.1401842
Iteration: 1 Sub-iteration: 356 Pi: 3.1401882
Iteration: 1 Sub-iteration: 357 Pi: 3.140192
Iteration: 1 Sub-iteration: 358 Pi: 3.140196
Iteration: 1 Sub-iteration: 359 Pi: 3.1402
Iteration: 1 Sub-iteration: 360 Pi: 3.1402037
Iteration: 1 Sub-iteration: 361 Pi: 3.1402075
Iteration: 1 Sub-iteration: 362 Pi: 3.1402113
Iteration: 1 Sub-iteration: 363 Pi: 3.1402152
Iteration: 1 Sub-iteration: 364 Pi: 3.140219
Iteration: 1 Sub-iteration: 365 Pi: 3.1402228
Iteration: 1 Sub-iteration: 366 Pi: 3.1402266
Iteration: 1 Sub-iteration: 367 Pi: 3.1402302
Iteration: 1 Sub-iteration: 368 Pi: 3.140234
Iteration: 1 Sub-iteration: 369 Pi: 3.1402376
Iteration: 1 Sub-iteration: 370 Pi: 3.1402414
Iteration: 1 Sub-iteration: 371 Pi: 3.140245
Iteration: 1 Sub-iteration: 372 Pi: 3.1402485
Iteration: 1 Sub-iteration: 373 Pi: 3.140252
Iteration: 1 Sub-iteration: 374 Pi: 3.1402557
Iteration: 1 Sub-iteration: 375 Pi: 3.1402593
Iteration: 1 Sub-iteration: 376 Pi: 3.1402628
Iteration: 1 Sub-iteration: 377 Pi: 3.1402664
Iteration: 1 Sub-iteration: 378 Pi: 3.14027
Iteration: 1 Sub-iteration: 379 Pi: 3.1402733
Iteration: 1 Sub-iteration: 380 Pi: 3.140277
Iteration: 1 Sub-iteration: 381 Pi: 3.1402802
Iteration: 1 Sub-iteration: 382 Pi: 3.1402838
Iteration: 1 Sub-iteration: 383 Pi: 3.1402872
Iteration: 1 Sub-iteration: 384 Pi: 3.1402905
Iteration: 1 Sub-iteration: 385 Pi: 3.1402938
Iteration: 1 Sub-iteration: 386 Pi: 3.1402974
Iteration: 1 Sub-iteration: 387 Pi: 3.1403008
Iteration: 1 Sub-iteration: 388 Pi: 3.140304
Iteration: 1 Sub-iteration: 389 Pi: 3.1403072
Iteration: 1 Sub-iteration: 390 Pi: 3.1403105
Iteration: 1 Sub-iteration: 391 Pi: 3.1403139
Iteration: 1 Sub-iteration: 392 Pi: 3.1403172
Iteration: 1 Sub-iteration: 393 Pi: 3.1403203
Iteration: 1 Sub-iteration: 394 Pi: 3.1403236
Iteration: 1 Sub-iteration: 395 Pi: 3.1403267
Iteration: 1 Sub-iteration: 396 Pi: 3.14033
Iteration: 1 Sub-iteration: 397 Pi: 3.1403332
Iteration: 1 Sub-iteration: 398 Pi: 3.1403363
Iteration: 1 Sub-iteration: 399 Pi: 3.1403396
Iteration: 1 Sub-iteration: 400 Pi: 3.1403427
Iteration: 1 Sub-iteration: 401 Pi: 3.1403458
Iteration: 1 Sub-iteration: 402 Pi: 3.140349
Iteration: 1 Sub-iteration: 403 Pi: 3.140352
Iteration: 1 Sub-iteration: 404 Pi: 3.140355
Iteration: 1 Sub-iteration: 405 Pi: 3.140358
Iteration: 1 Sub-iteration: 406 Pi: 3.140361
Iteration: 1 Sub-iteration: 407 Pi: 3.1403642
Iteration: 1 Sub-iteration: 408 Pi: 3.1403673
Iteration: 1 Sub-iteration: 409 Pi: 3.1403701
Iteration: 1 Sub-iteration: 410 Pi: 3.1403732
Iteration: 1 Sub-iteration: 411 Pi: 3.140376
Iteration: 1 Sub-iteration: 412 Pi: 3.140379
Iteration: 1 Sub-iteration: 413 Pi: 3.140382
Iteration: 1 Sub-iteration: 414 Pi: 3.140385
Iteration: 1 Sub-iteration: 415 Pi: 3.1403878
Iteration: 1 Sub-iteration: 416 Pi: 3.1403906
Iteration: 1 Sub-iteration: 417 Pi: 3.1403935
Iteration: 1 Sub-iteration: 418 Pi: 3.1403966
Iteration: 1 Sub-iteration: 419 Pi: 3.1403992
Iteration: 1 Sub-iteration: 420 Pi: 3.140402
Iteration: 1 Sub-iteration: 421 Pi: 3.140405
Iteration: 1 Sub-iteration: 422 Pi: 3.1404078
Iteration: 1 Sub-iteration: 423 Pi: 3.1404107
Iteration: 1 Sub-iteration: 424 Pi: 3.1404135
Iteration: 1 Sub-iteration: 425 Pi: 3.1404161
Iteration: 1 Sub-iteration: 426 Pi: 3.140419
Iteration: 1 Sub-iteration: 427 Pi: 3.1404216
Iteration: 1 Sub-iteration: 428 Pi: 3.1404245
Iteration: 1 Sub-iteration: 429 Pi: 3.140427
Iteration: 1 Sub-iteration: 430 Pi: 3.14043
Iteration: 1 Sub-iteration: 431 Pi: 3.1404326
Iteration: 1 Sub-iteration: 432 Pi: 3.1404352
Iteration: 1 Sub-iteration: 433 Pi: 3.1404378
Iteration: 1 Sub-iteration: 434 Pi: 3.1404405
Iteration: 1 Sub-iteration: 435 Pi: 3.1404433
Iteration: 1 Sub-iteration: 436 Pi: 3.140446
Iteration: 1 Sub-iteration: 437 Pi: 3.1404486
Iteration: 1 Sub-iteration: 438 Pi: 3.1404512
Iteration: 1 Sub-iteration: 439 Pi: 3.1404538
Iteration: 1 Sub-iteration: 440 Pi: 3.1404562
Iteration: 1 Sub-iteration: 441 Pi: 3.1404588
Iteration: 1 Sub-iteration: 442 Pi: 3.1404614
Iteration: 1 Sub-iteration: 443 Pi: 3.140464
Iteration: 1 Sub-iteration: 444 Pi: 3.1404665
Iteration: 1 Sub-iteration: 445 Pi: 3.140469
Iteration: 1 Sub-iteration: 446 Pi: 3.1404717
Iteration: 1 Sub-iteration: 447 Pi: 3.140474
Iteration: 1 Sub-iteration: 448 Pi: 3.1404765
Iteration: 1 Sub-iteration: 449 Pi: 3.140479
Iteration: 1 Sub-iteration: 450 Pi: 3.1404815
Iteration: 1 Sub-iteration: 451 Pi: 3.140484
Iteration: 1 Sub-iteration: 452 Pi: 3.1404865
Iteration: 1 Sub-iteration: 453 Pi: 3.1404889
Iteration: 1 Sub-iteration: 454 Pi: 3.1404912
Iteration: 1 Sub-iteration: 455 Pi: 3.1404939
Iteration: 1 Sub-iteration: 456 Pi: 3.1404963
Iteration: 1 Sub-iteration: 457 Pi: 3.1404986
Iteration: 1 Sub-iteration: 458 Pi: 3.140501
Iteration: 1 Sub-iteration: 459 Pi: 3.1405034
Iteration: 1 Sub-iteration: 460 Pi: 3.1405058
Iteration: 1 Sub-iteration: 461 Pi: 3.140508
Iteration: 1 Sub-iteration: 462 Pi: 3.1405103
Iteration: 1 Sub-iteration: 463 Pi: 3.1405127
Iteration: 1 Sub-iteration: 464 Pi: 3.140515
Iteration: 1 Sub-iteration: 465 Pi: 3.1405175
Iteration: 1 Sub-iteration: 466 Pi: 3.1405196
Iteration: 1 Sub-iteration: 467 Pi: 3.140522
Iteration: 1 Sub-iteration: 468 Pi: 3.1405244
Iteration: 1 Sub-iteration: 469 Pi: 3.1405265
Iteration: 1 Sub-iteration: 470 Pi: 3.140529
Iteration: 1 Sub-iteration: 471 Pi: 3.140531
Iteration: 1 Sub-iteration: 472 Pi: 3.1405334
Iteration: 1 Sub-iteration: 473 Pi: 3.1405356
Iteration: 1 Sub-iteration: 474 Pi: 3.1405377
Iteration: 1 Sub-iteration: 475 Pi: 3.1405401
Iteration: 1 Sub-iteration: 476 Pi: 3.1405423
Iteration: 1 Sub-iteration: 477 Pi: 3.1405444
Iteration: 1 Sub-iteration: 478 Pi: 3.1405466
Iteration: 1 Sub-iteration: 479 Pi: 3.1405487
Iteration: 1 Sub-iteration: 480 Pi: 3.140551
Iteration: 1 Sub-iteration: 481 Pi: 3.1405532
Iteration: 1 Sub-iteration: 482 Pi: 3.1405554
Iteration: 1 Sub-iteration: 483 Pi: 3.1405575
Iteration: 1 Sub-iteration: 484 Pi: 3.1405597
Iteration: 1 Sub-iteration: 485 Pi: 3.1405618
Iteration: 1 Sub-iteration: 486 Pi: 3.140564
Iteration: 1 Sub-iteration: 487 Pi: 3.1405659
Iteration: 1 Sub-iteration: 488 Pi: 3.140568
Iteration: 1 Sub-iteration: 489 Pi: 3.1405702
Iteration: 1 Sub-iteration: 490 Pi: 3.1405723
Iteration: 1 Sub-iteration: 491 Pi: 3.1405742
Iteration: 1 Sub-iteration: 492 Pi: 3.1405764
Iteration: 1 Sub-iteration: 493 Pi: 3.1405785
Iteration: 1 Sub-iteration: 494 Pi: 3.1405804
Iteration: 1 Sub-iteration: 495 Pi: 3.1405826
Iteration: 1 Sub-iteration: 496 Pi: 3.1405847
Iteration: 1 Sub-iteration: 497 Pi: 3.1405866
Iteration: 1 Sub-iteration: 498 Pi: 3.1405885
Iteration: 1 Sub-iteration: 499 Pi: 3.1405907
Iteration: 1 Sub-iteration: 500 Pi: 3.1405926
Iteration: 1 Sub-iteration: 501 Pi: 3.1405947
Iteration: 1 Sub-iteration: 502 Pi: 3.1405966
Iteration: 1 Sub-iteration: 503 Pi: 3.1405985
Iteration: 1 Sub-iteration: 504 Pi: 3.1406007
Iteration: 1 Sub-iteration: 505 Pi: 3.1406026
Iteration: 1 Sub-iteration: 506 Pi: 3.1406045
Iteration: 1 Sub-iteration: 507 Pi: 3.1406064
Iteration: 1 Sub-iteration: 508 Pi: 3.1406083
Iteration: 1 Sub-iteration: 509 Pi: 3.1406102
Iteration: 1 Sub-iteration: 510 Pi: 3.1406124
Iteration: 1 Sub-iteration: 511 Pi: 3.1406143
Iteration: 1 Sub-iteration: 512 Pi: 3.1406162
Iteration: 1 Sub-iteration: 513 Pi: 3.140618
Iteration: 1 Sub-iteration: 514 Pi: 3.14062
Iteration: 1 Sub-iteration: 515 Pi: 3.1406217
Iteration: 1 Sub-iteration: 516 Pi: 3.1406236
Iteration: 1 Sub-iteration: 517 Pi: 3.1406255
Iteration: 1 Sub-iteration: 518 Pi: 3.1406274
Iteration: 1 Sub-iteration: 519 Pi: 3.1406293
Iteration: 1 Sub-iteration: 520 Pi: 3.1406312
Iteration: 1 Sub-iteration: 521 Pi: 3.1406329
Iteration: 1 Sub-iteration: 522 Pi: 3.1406348
Iteration: 1 Sub-iteration: 523 Pi: 3.1406367
Iteration: 1 Sub-iteration: 524 Pi: 3.1406384
Iteration: 1 Sub-iteration: 525 Pi: 3.1406403
Iteration: 1 Sub-iteration: 526 Pi: 3.1406422
Iteration: 1 Sub-iteration: 527 Pi: 3.1406438
Iteration: 1 Sub-iteration: 528 Pi: 3.1406457
Iteration: 1 Sub-iteration: 529 Pi: 3.1406474
Iteration: 1 Sub-iteration: 530 Pi: 3.1406493
Iteration: 1 Sub-iteration: 531 Pi: 3.140651
Iteration: 1 Sub-iteration: 532 Pi: 3.140653
Iteration: 1 Sub-iteration: 533 Pi: 3.1406546
Iteration: 1 Sub-iteration: 534 Pi: 3.1406562
Iteration: 1 Sub-iteration: 535 Pi: 3.1406581
Iteration: 1 Sub-iteration: 536 Pi: 3.1406598
Iteration: 1 Sub-iteration: 537 Pi: 3.1406615
Iteration: 1 Sub-iteration: 538 Pi: 3.1406634
Iteration: 1 Sub-iteration: 539 Pi: 3.140665
Iteration: 1 Sub-iteration: 540 Pi: 3.1406667
Iteration: 1 Sub-iteration: 541 Pi: 3.1406684
Iteration: 1 Sub-iteration: 542 Pi: 3.14067
Iteration: 1 Sub-iteration: 543 Pi: 3.1406717
Iteration: 1 Sub-iteration: 544 Pi: 3.1406736
Iteration: 1 Sub-iteration: 545 Pi: 3.1406753
Iteration: 1 Sub-iteration: 546 Pi: 3.140677
Iteration: 1 Sub-iteration: 547 Pi: 3.1406786
Iteration: 1 Sub-iteration: 548 Pi: 3.1406803
Iteration: 1 Sub-iteration: 549 Pi: 3.140682
Iteration: 1 Sub-iteration: 550 Pi: 3.1406837
Iteration: 1 Sub-iteration: 551 Pi: 3.1406853
Iteration: 1 Sub-iteration: 552 Pi: 3.1406868
Iteration: 1 Sub-iteration: 553 Pi: 3.1406884
Iteration: 1 Sub-iteration: 554 Pi: 3.14069
Iteration: 1 Sub-iteration: 555 Pi: 3.1406918
Iteration: 1 Sub-iteration: 556 Pi: 3.1406934
Iteration: 1 Sub-iteration: 557 Pi: 3.140695
Iteration: 1 Sub-iteration: 558 Pi: 3.1406965
Iteration: 1 Sub-iteration: 559 Pi: 3.1406982
Iteration: 1 Sub-iteration: 560 Pi: 3.1406999
Iteration: 1 Sub-iteration: 561 Pi: 3.1407013
Iteration: 1 Sub-iteration: 562 Pi: 3.140703
Iteration: 1 Sub-iteration: 563 Pi: 3.1407046
Iteration: 1 Sub-iteration: 564 Pi: 3.140706
Iteration: 1 Sub-iteration: 565 Pi: 3.1407077
Iteration: 1 Sub-iteration: 566 Pi: 3.1407092
Iteration: 1 Sub-iteration: 567 Pi: 3.1407108
Iteration: 1 Sub-iteration: 568 Pi: 3.1407123
Iteration: 1 Sub-iteration: 569 Pi: 3.140714
Iteration: 1 Sub-iteration: 570 Pi: 3.1407154
Iteration: 1 Sub-iteration: 571 Pi: 3.140717
Iteration: 1 Sub-iteration: 572 Pi: 3.1407185
Iteration: 1 Sub-iteration: 573 Pi: 3.1407201
Iteration: 1 Sub-iteration: 574 Pi: 3.1407216
Iteration: 1 Sub-iteration: 575 Pi: 3.140723
Iteration: 1 Sub-iteration: 576 Pi: 3.1407247
Iteration: 1 Sub-iteration: 577 Pi: 3.140726
Iteration: 1 Sub-iteration: 578 Pi: 3.1407275
Iteration: 1 Sub-iteration: 579 Pi: 3.1407292
Iteration: 1 Sub-iteration: 580 Pi: 3.1407306
Iteration: 1 Sub-iteration: 581 Pi: 3.140732
Iteration: 1 Sub-iteration: 582 Pi: 3.1407335
Iteration: 1 Sub-iteration: 583 Pi: 3.140735
Iteration: 1 Sub-iteration: 584 Pi: 3.1407366
Iteration: 1 Sub-iteration: 585 Pi: 3.140738
Iteration: 1 Sub-iteration: 586 Pi: 3.1407394
Iteration: 1 Sub-iteration: 587 Pi: 3.1407409
Iteration: 1 Sub-iteration: 588 Pi: 3.1407423
Iteration: 1 Sub-iteration: 589 Pi: 3.1407437
Iteration: 1 Sub-iteration: 590 Pi: 3.1407452
Iteration: 1 Sub-iteration: 591 Pi: 3.1407466
Iteration: 1 Sub-iteration: 592 Pi: 3.140748
Iteration: 1 Sub-iteration: 593 Pi: 3.1407495
Iteration: 1 Sub-iteration: 594 Pi: 3.140751
Iteration: 1 Sub-iteration: 595 Pi: 3.1407523
Iteration: 1 Sub-iteration: 596 Pi: 3.1407537
Iteration: 1 Sub-iteration: 597 Pi: 3.1407552
Iteration: 1 Sub-iteration: 598 Pi: 3.1407566
Iteration: 1 Sub-iteration: 599 Pi: 3.140758
Iteration: 1 Sub-iteration: 600 Pi: 3.1407592
Iteration: 1 Sub-iteration: 601 Pi: 3.1407607
Iteration: 1 Sub-iteration: 602 Pi: 3.140762
Iteration: 1 Sub-iteration: 603 Pi: 3.1407635
Iteration: 1 Sub-iteration: 604 Pi: 3.140765
Iteration: 1 Sub-iteration: 605 Pi: 3.1407661
Iteration: 1 Sub-iteration: 606 Pi: 3.1407676
Iteration: 1 Sub-iteration: 607 Pi: 3.140769
Iteration: 1 Sub-iteration: 608 Pi: 3.1407702
Iteration: 1 Sub-iteration: 609 Pi: 3.1407716
Iteration: 1 Sub-iteration: 610 Pi: 3.140773
Iteration: 1 Sub-iteration: 611 Pi: 3.1407743
Iteration: 1 Sub-iteration: 612 Pi: 3.1407757
Iteration: 1 Sub-iteration: 613 Pi: 3.140777
Iteration: 1 Sub-iteration: 614 Pi: 3.1407783
Iteration: 1 Sub-iteration: 615 Pi: 3.1407797
Iteration: 1 Sub-iteration: 616 Pi: 3.140781
Iteration: 1 Sub-iteration: 617 Pi: 3.1407824
Iteration: 1 Sub-iteration: 618 Pi: 3.1407835
Iteration: 1 Sub-iteration: 619 Pi: 3.140785
Iteration: 1 Sub-iteration: 620 Pi: 3.1407862
Iteration: 1 Sub-iteration: 621 Pi: 3.1407876
Iteration: 1 Sub-iteration: 622 Pi: 3.1407888
Iteration: 1 Sub-iteration: 623 Pi: 3.14079
Iteration: 1 Sub-iteration: 624 Pi: 3.1407914
Iteration: 1 Sub-iteration: 625 Pi: 3.1407926
Iteration: 1 Sub-iteration: 626 Pi: 3.140794
Iteration: 1 Sub-iteration: 627 Pi: 3.1407952
Iteration: 1 Sub-iteration: 628 Pi: 3.1407964
Iteration: 1 Sub-iteration: 629 Pi: 3.1407979
Iteration: 1 Sub-iteration: 630 Pi: 3.140799
Iteration: 1 Sub-iteration: 631 Pi: 3.1408002
Iteration: 1 Sub-iteration: 632 Pi: 3.1408014
Iteration: 1 Sub-iteration: 633 Pi: 3.1408029
Iteration: 1 Sub-iteration: 634 Pi: 3.140804
Iteration: 1 Sub-iteration: 635 Pi: 3.1408052
Iteration: 1 Sub-iteration: 636 Pi: 3.1408064
Iteration: 1 Sub-iteration: 637 Pi: 3.1408076
Iteration: 1 Sub-iteration: 638 Pi: 3.140809
Iteration: 1 Sub-iteration: 639 Pi: 3.1408103
Iteration: 1 Sub-iteration: 640 Pi: 3.1408114
Iteration: 1 Sub-iteration: 641 Pi: 3.1408126
Iteration: 1 Sub-iteration: 642 Pi: 3.1408138
Iteration: 1 Sub-iteration: 643 Pi: 3.140815
Iteration: 1 Sub-iteration: 644 Pi: 3.1408162
Iteration: 1 Sub-iteration: 645 Pi: 3.1408174
Iteration: 1 Sub-iteration: 646 Pi: 3.1408186
Iteration: 1 Sub-iteration: 647 Pi: 3.1408198
Iteration: 1 Sub-iteration: 648 Pi: 3.140821
Iteration: 1 Sub-iteration: 649 Pi: 3.1408222
Iteration: 1 Sub-iteration: 650 Pi: 3.1408234
Iteration: 1 Sub-iteration: 651 Pi: 3.1408246
Iteration: 1 Sub-iteration: 652 Pi: 3.1408257
Iteration: 1 Sub-iteration: 653 Pi: 3.140827
Iteration: 1 Sub-iteration: 654 Pi: 3.1408281
Iteration: 1 Sub-iteration: 655 Pi: 3.1408293
Iteration: 1 Sub-iteration: 656 Pi: 3.1408305
Iteration: 1 Sub-iteration: 657 Pi: 3.1408317
Iteration: 1 Sub-iteration: 658 Pi: 3.1408327
Iteration: 1 Sub-iteration: 659 Pi: 3.1408339
Iteration: 1 Sub-iteration: 660 Pi: 3.140835
Iteration: 1 Sub-iteration: 661 Pi: 3.1408362
Iteration: 1 Sub-iteration: 662 Pi: 3.1408374
Iteration: 1 Sub-iteration: 663 Pi: 3.1408386
Iteration: 1 Sub-iteration: 664 Pi: 3.1408396
Iteration: 1 Sub-iteration: 665 Pi: 3.1408408
Iteration: 1 Sub-iteration: 666 Pi: 3.140842
Iteration: 1 Sub-iteration: 667 Pi: 3.140843
Iteration: 1 Sub-iteration: 668 Pi: 3.140844
Iteration: 1 Sub-iteration: 669 Pi: 3.1408453
Iteration: 1 Sub-iteration: 670 Pi: 3.1408465
Iteration: 1 Sub-iteration: 671 Pi: 3.1408474
Iteration: 1 Sub-iteration: 672 Pi: 3.1408486
